[Thu Nov 18 16:39:27.543709 2021] [ssl:warn] [pid 10920:tid 640] AH01909: localhost:443:0 server certificate does NOT include an ID which matches the server name
[Thu Nov 18 16:39:27.576942 2021] [ssl:warn] [pid 10920:tid 640] AH01909: localhost:443:0 server certificate does NOT include an ID which matches the server name
[Thu Nov 18 16:39:27.613646 2021] [mpm_winnt:notice] [pid 10920:tid 640] AH00455: Apache/2.4.51 (Win64) OpenSSL/1.1.1l PHP/7.4.25 configured -- resuming normal operations
[Thu Nov 18 16:39:27.613646 2021] [mpm_winnt:notice] [pid 10920:tid 640] AH00456: Apache Lounge VC15 Server built: Oct  8 2021 10:03:59
[Thu Nov 18 16:39:27.613646 2021] [core:notice] [pid 10920:tid 640] AH00094: Command line: 'C:\\Bitnami\\WORDPR~1.2-0\\apache2\\bin\\httpd.exe -d C:/Bitnami/wordpress-5.8.2-0/apache2 -f C:\\Bitnami\\WORDPR~1.2-0\\apache2\\conf\\httpd.conf'
[Thu Nov 18 16:39:27.663472 2021] [mpm_winnt:notice] [pid 10920:tid 640] AH00418: Parent: Created child process 9524
[Thu Nov 18 16:39:27.940091 2021] [ssl:warn] [pid 9524:tid 540] AH01909: localhost:443:0 server certificate does NOT include an ID which matches the server name
[Thu Nov 18 16:39:27.969603 2021] [ssl:warn] [pid 9524:tid 540] AH01909: localhost:443:0 server certificate does NOT include an ID which matches the server name
[Thu Nov 18 16:39:27.983987 2021] [mpm_winnt:notice] [pid 9524:tid 540] AH00354: Child: Starting 64 worker threads.
[Thu Nov 18 16:39:35.072847 2021] [mpm_winnt:notice] [pid 10920:tid 640] AH00422: Parent: Received shutdown signal -- Shutting down the server.
[Thu Nov 18 16:39:37.080366 2021] [mpm_winnt:notice] [pid 9524:tid 540] AH00364: Child: All worker threads have exited.
[Thu Nov 18 16:39:37.117790 2021] [mpm_winnt:notice] [pid 10920:tid 640] AH00430: Parent: Child process 9524 exited successfully.
[Thu Nov 18 16:39:38.823914 2021] [ssl:warn] [pid 8888:tid 544] AH01909: localhost:443:0 server certificate does NOT include an ID which matches the server name
[Thu Nov 18 16:39:38.859673 2021] [ssl:warn] [pid 8888:tid 544] AH01909: localhost:443:0 server certificate does NOT include an ID which matches the server name
[Thu Nov 18 16:39:38.880504 2021] [mpm_winnt:notice] [pid 8888:tid 544] AH00455: Apache/2.4.51 (Win64) OpenSSL/1.1.1l PHP/7.4.25 configured -- resuming normal operations
[Thu Nov 18 16:39:38.880504 2021] [mpm_winnt:notice] [pid 8888:tid 544] AH00456: Apache Lounge VC15 Server built: Oct  8 2021 10:03:59
[Thu Nov 18 16:39:38.880504 2021] [core:notice] [pid 8888:tid 544] AH00094: Command line: 'C:\\Bitnami\\WORDPR~1.2-0\\apache2\\bin\\httpd.exe -d C:/Bitnami/wordpress-5.8.2-0/apache2 -f C:\\Bitnami\\WORDPR~1.2-0\\apache2\\conf\\httpd.conf'
[Thu Nov 18 16:39:38.929608 2021] [mpm_winnt:notice] [pid 8888:tid 544] AH00418: Parent: Created child process 8656
[Thu Nov 18 16:39:39.205880 2021] [ssl:warn] [pid 8656:tid 580] AH01909: localhost:443:0 server certificate does NOT include an ID which matches the server name
[Thu Nov 18 16:39:39.239637 2021] [ssl:warn] [pid 8656:tid 580] AH01909: localhost:443:0 server certificate does NOT include an ID which matches the server name
[Thu Nov 18 16:39:39.254017 2021] [mpm_winnt:notice] [pid 8656:tid 580] AH00354: Child: Starting 64 worker threads.
[Thu Nov 18 16:39:48.961869 2021] [mpm_winnt:notice] [pid 8888:tid 544] AH00422: Parent: Received shutdown signal -- Shutting down the server.
[Thu Nov 18 16:39:50.986758 2021] [mpm_winnt:notice] [pid 8656:tid 580] AH00364: Child: All worker threads have exited.
[Thu Nov 18 16:39:51.009585 2021] [mpm_winnt:notice] [pid 8888:tid 544] AH00430: Parent: Child process 8656 exited successfully.
[Thu Nov 18 16:39:52.755010 2021] [ssl:warn] [pid 3952:tid 612] AH01909: localhost:443:0 server certificate does NOT include an ID which matches the server name
[Thu Nov 18 16:39:52.792598 2021] [ssl:warn] [pid 3952:tid 612] AH01909: localhost:443:0 server certificate does NOT include an ID which matches the server name
[Thu Nov 18 16:39:52.806009 2021] [mpm_winnt:notice] [pid 3952:tid 612] AH00455: Apache/2.4.51 (Win64) OpenSSL/1.1.1l PHP/7.4.25 configured -- resuming normal operations
[Thu Nov 18 16:39:52.806510 2021] [mpm_winnt:notice] [pid 3952:tid 612] AH00456: Apache Lounge VC15 Server built: Oct  8 2021 10:03:59
[Thu Nov 18 16:39:52.806510 2021] [core:notice] [pid 3952:tid 612] AH00094: Command line: 'C:\\Bitnami\\WORDPR~1.2-0\\apache2\\bin\\httpd.exe -d C:/Bitnami/wordpress-5.8.2-0/apache2 -f C:\\Bitnami\\WORDPR~1.2-0\\apache2\\conf\\httpd.conf'
[Thu Nov 18 16:39:52.855619 2021] [mpm_winnt:notice] [pid 3952:tid 612] AH00418: Parent: Created child process 11104
[Thu Nov 18 16:39:53.139798 2021] [ssl:warn] [pid 11104:tid 564] AH01909: localhost:443:0 server certificate does NOT include an ID which matches the server name
[Thu Nov 18 16:39:53.174029 2021] [ssl:warn] [pid 11104:tid 564] AH01909: localhost:443:0 server certificate does NOT include an ID which matches the server name
